0 info it worked if it ends with ok
1 verbose cli [ 'node', '/usr/local/bin/npm', 'install', 'react-addons-update' ]
2 info using npm@1.3.11
3 info using node@v0.10.20
4 warn package.json react-addons-linked-state-mixin@0.14.0 No repository field.
5 verbose readDependencies using package.json deps
6 verbose cache add [ 'react-addons-update', null ]
7 verbose cache add name=undefined spec="react-addons-update" args=["react-addons-update",null]
8 verbose parsed url { protocol: null,
8 verbose parsed url   slashes: null,
8 verbose parsed url   auth: null,
8 verbose parsed url   host: null,
8 verbose parsed url   port: null,
8 verbose parsed url   hostname: null,
8 verbose parsed url   hash: null,
8 verbose parsed url   search: null,
8 verbose parsed url   query: null,
8 verbose parsed url   pathname: 'react-addons-update',
8 verbose parsed url   path: 'react-addons-update',
8 verbose parsed url   href: 'react-addons-update' }
9 silly lockFile 2fcc0cd0-react-addons-update react-addons-update
10 verbose lock react-addons-update /Users/jasperclarkberg/.npm/2fcc0cd0-react-addons-update.lock
11 silly lockFile 2fcc0cd0-react-addons-update react-addons-update
12 silly lockFile 2fcc0cd0-react-addons-update react-addons-update
13 verbose addNamed [ 'react-addons-update', '' ]
14 verbose addNamed [ null, '*' ]
15 silly lockFile 1b0d1ec2-react-addons-update react-addons-update@
16 verbose lock react-addons-update@ /Users/jasperclarkberg/.npm/1b0d1ec2-react-addons-update.lock
17 silly addNameRange { name: 'react-addons-update', range: '*', hasData: false }
18 verbose url raw react-addons-update
19 verbose url resolving [ 'https://registry.npmjs.org/', './react-addons-update' ]
20 verbose url resolved https://registry.npmjs.org/react-addons-update
21 info trying registry request attempt 1 at 23:19:17
22 http GET https://registry.npmjs.org/react-addons-update
23 http 200 https://registry.npmjs.org/react-addons-update
24 silly registry.get cb [ 200,
24 silly registry.get   { server: 'CouchDB/1.5.0 (Erlang OTP/R16B03)',
24 silly registry.get     etag: '"CG2P907PXUP0Y1K8OWN9EX0JG"',
24 silly registry.get     'content-type': 'application/json',
24 silly registry.get     'cache-control': 'max-age=60',
24 silly registry.get     'content-length': '5333',
24 silly registry.get     'accept-ranges': 'bytes',
24 silly registry.get     date: 'Fri, 16 Oct 2015 03:19:18 GMT',
24 silly registry.get     via: '1.1 varnish',
24 silly registry.get     age: '0',
24 silly registry.get     connection: 'keep-alive',
24 silly registry.get     'x-served-by': 'cache-atl6228-ATL',
24 silly registry.get     'x-cache': 'MISS',
24 silly registry.get     'x-cache-hits': '0',
24 silly registry.get     'x-timer': 'S1444965558.299776,VS0,VE365',
24 silly registry.get     vary: 'Accept' } ]
25 silly addNameRange number 2 { name: 'react-addons-update', range: '*', hasData: true }
26 silly addNameRange versions [ 'react-addons-update',
26 silly addNameRange   [ '0.14.0-beta1',
26 silly addNameRange     '0.14.0-beta2',
26 silly addNameRange     '0.14.0-beta3',
26 silly addNameRange     '0.14.0-rc1',
26 silly addNameRange     '0.14.0' ] ]
27 verbose addNamed [ 'react-addons-update', '0.14.0' ]
28 verbose addNamed [ '0.14.0', '0.14.0' ]
29 silly lockFile e9e3c40d-react-addons-update-0-14-0 react-addons-update@0.14.0
30 verbose lock react-addons-update@0.14.0 /Users/jasperclarkberg/.npm/e9e3c40d-react-addons-update-0-14-0.lock
31 silly lockFile 63d988ef-e-react-addons-update-0-14-0-tgz https://registry.npmjs.org/react-addons-update/-/react-addons-update-0.14.0.tgz
32 verbose lock https://registry.npmjs.org/react-addons-update/-/react-addons-update-0.14.0.tgz /Users/jasperclarkberg/.npm/63d988ef-e-react-addons-update-0-14-0-tgz.lock
33 verbose addRemoteTarball [ 'https://registry.npmjs.org/react-addons-update/-/react-addons-update-0.14.0.tgz',
33 verbose addRemoteTarball   'da55c90a6441fe059e6a143a9e89715a4a8df7d8' ]
34 info retry fetch attempt 1 at 23:19:18
35 verbose fetch to= /var/folders/1r/0q0j5t3s6m19yl9wqklplmq80000gn/T/npm-2172-fg_XhfPe/1444965558882-0.7398932157084346/tmp.tgz
36 http GET https://registry.npmjs.org/react-addons-update/-/react-addons-update-0.14.0.tgz
37 http 200 https://registry.npmjs.org/react-addons-update/-/react-addons-update-0.14.0.tgz
38 verbose tar unpack /var/folders/1r/0q0j5t3s6m19yl9wqklplmq80000gn/T/npm-2172-fg_XhfPe/1444965558882-0.7398932157084346/tmp.tgz
39 silly lockFile 5f5e8430-58882-0-7398932157084346-package tar:///var/folders/1r/0q0j5t3s6m19yl9wqklplmq80000gn/T/npm-2172-fg_XhfPe/1444965558882-0.7398932157084346/package
40 verbose lock tar:///var/folders/1r/0q0j5t3s6m19yl9wqklplmq80000gn/T/npm-2172-fg_XhfPe/1444965558882-0.7398932157084346/package /Users/jasperclarkberg/.npm/5f5e8430-58882-0-7398932157084346-package.lock
41 silly lockFile f453bf75-58882-0-7398932157084346-tmp-tgz tar:///var/folders/1r/0q0j5t3s6m19yl9wqklplmq80000gn/T/npm-2172-fg_XhfPe/1444965558882-0.7398932157084346/tmp.tgz
42 verbose lock tar:///var/folders/1r/0q0j5t3s6m19yl9wqklplmq80000gn/T/npm-2172-fg_XhfPe/1444965558882-0.7398932157084346/tmp.tgz /Users/jasperclarkberg/.npm/f453bf75-58882-0-7398932157084346-tmp-tgz.lock
43 silly gunzTarPerm modes [ '755', '644' ]
44 silly gunzTarPerm extractEntry package.json
45 silly gunzTarPerm extractEntry README.md
46 silly gunzTarPerm extractEntry LICENSE
47 silly gunzTarPerm extractEntry index.js
48 silly gunzTarPerm extractEntry PATENTS
49 silly lockFile 5f5e8430-58882-0-7398932157084346-package tar:///var/folders/1r/0q0j5t3s6m19yl9wqklplmq80000gn/T/npm-2172-fg_XhfPe/1444965558882-0.7398932157084346/package
50 silly lockFile 5f5e8430-58882-0-7398932157084346-package tar:///var/folders/1r/0q0j5t3s6m19yl9wqklplmq80000gn/T/npm-2172-fg_XhfPe/1444965558882-0.7398932157084346/package
51 silly lockFile f453bf75-58882-0-7398932157084346-tmp-tgz tar:///var/folders/1r/0q0j5t3s6m19yl9wqklplmq80000gn/T/npm-2172-fg_XhfPe/1444965558882-0.7398932157084346/tmp.tgz
52 silly lockFile f453bf75-58882-0-7398932157084346-tmp-tgz tar:///var/folders/1r/0q0j5t3s6m19yl9wqklplmq80000gn/T/npm-2172-fg_XhfPe/1444965558882-0.7398932157084346/tmp.tgz
53 verbose tar pack [ '/Users/jasperclarkberg/.npm/react-addons-update/0.14.0/package.tgz',
53 verbose tar pack   '/var/folders/1r/0q0j5t3s6m19yl9wqklplmq80000gn/T/npm-2172-fg_XhfPe/1444965558882-0.7398932157084346/package' ]
54 verbose tarball /Users/jasperclarkberg/.npm/react-addons-update/0.14.0/package.tgz
55 verbose folder /var/folders/1r/0q0j5t3s6m19yl9wqklplmq80000gn/T/npm-2172-fg_XhfPe/1444965558882-0.7398932157084346/package
56 silly lockFile 5f5e8430-58882-0-7398932157084346-package tar:///var/folders/1r/0q0j5t3s6m19yl9wqklplmq80000gn/T/npm-2172-fg_XhfPe/1444965558882-0.7398932157084346/package
57 verbose lock tar:///var/folders/1r/0q0j5t3s6m19yl9wqklplmq80000gn/T/npm-2172-fg_XhfPe/1444965558882-0.7398932157084346/package /Users/jasperclarkberg/.npm/5f5e8430-58882-0-7398932157084346-package.lock
58 silly lockFile 3edf62de-addons-update-0-14-0-package-tgz tar:///Users/jasperclarkberg/.npm/react-addons-update/0.14.0/package.tgz
59 verbose lock tar:///Users/jasperclarkberg/.npm/react-addons-update/0.14.0/package.tgz /Users/jasperclarkberg/.npm/3edf62de-addons-update-0-14-0-package-tgz.lock
60 silly lockFile 5f5e8430-58882-0-7398932157084346-package tar:///var/folders/1r/0q0j5t3s6m19yl9wqklplmq80000gn/T/npm-2172-fg_XhfPe/1444965558882-0.7398932157084346/package
61 silly lockFile 5f5e8430-58882-0-7398932157084346-package tar:///var/folders/1r/0q0j5t3s6m19yl9wqklplmq80000gn/T/npm-2172-fg_XhfPe/1444965558882-0.7398932157084346/package
62 silly lockFile 3edf62de-addons-update-0-14-0-package-tgz tar:///Users/jasperclarkberg/.npm/react-addons-update/0.14.0/package.tgz
63 silly lockFile 3edf62de-addons-update-0-14-0-package-tgz tar:///Users/jasperclarkberg/.npm/react-addons-update/0.14.0/package.tgz
64 silly lockFile a801bb53-act-addons-update-0-14-0-package /Users/jasperclarkberg/.npm/react-addons-update/0.14.0/package
65 verbose lock /Users/jasperclarkberg/.npm/react-addons-update/0.14.0/package /Users/jasperclarkberg/.npm/a801bb53-act-addons-update-0-14-0-package.lock
66 silly lockFile a801bb53-act-addons-update-0-14-0-package /Users/jasperclarkberg/.npm/react-addons-update/0.14.0/package
67 silly lockFile a801bb53-act-addons-update-0-14-0-package /Users/jasperclarkberg/.npm/react-addons-update/0.14.0/package
68 verbose tar unpack /Users/jasperclarkberg/.npm/react-addons-update/0.14.0/package.tgz
69 silly lockFile 44ff927a-act-addons-update-0-14-0-package tar:///Users/jasperclarkberg/.npm/react-addons-update/0.14.0/package
70 verbose lock tar:///Users/jasperclarkberg/.npm/react-addons-update/0.14.0/package /Users/jasperclarkberg/.npm/44ff927a-act-addons-update-0-14-0-package.lock
71 silly lockFile 3edf62de-addons-update-0-14-0-package-tgz tar:///Users/jasperclarkberg/.npm/react-addons-update/0.14.0/package.tgz
72 verbose lock tar:///Users/jasperclarkberg/.npm/react-addons-update/0.14.0/package.tgz /Users/jasperclarkberg/.npm/3edf62de-addons-update-0-14-0-package-tgz.lock
73 silly gunzTarPerm modes [ '755', '644' ]
74 silly gunzTarPerm extractEntry package.json
75 silly gunzTarPerm extractEntry README.md
76 silly gunzTarPerm extractEntry LICENSE
77 silly gunzTarPerm extractEntry index.js
78 silly gunzTarPerm extractEntry PATENTS
79 silly lockFile 44ff927a-act-addons-update-0-14-0-package tar:///Users/jasperclarkberg/.npm/react-addons-update/0.14.0/package
80 silly lockFile 44ff927a-act-addons-update-0-14-0-package tar:///Users/jasperclarkberg/.npm/react-addons-update/0.14.0/package
81 silly lockFile 3edf62de-addons-update-0-14-0-package-tgz tar:///Users/jasperclarkberg/.npm/react-addons-update/0.14.0/package.tgz
82 silly lockFile 3edf62de-addons-update-0-14-0-package-tgz tar:///Users/jasperclarkberg/.npm/react-addons-update/0.14.0/package.tgz
83 verbose chmod /Users/jasperclarkberg/.npm/react-addons-update/0.14.0/package.tgz 644
84 verbose chown /Users/jasperclarkberg/.npm/react-addons-update/0.14.0/package.tgz [ 501, 20 ]
85 silly lockFile 63d988ef-e-react-addons-update-0-14-0-tgz https://registry.npmjs.org/react-addons-update/-/react-addons-update-0.14.0.tgz
86 silly lockFile 63d988ef-e-react-addons-update-0-14-0-tgz https://registry.npmjs.org/react-addons-update/-/react-addons-update-0.14.0.tgz
87 silly lockFile e9e3c40d-react-addons-update-0-14-0 react-addons-update@0.14.0
88 silly lockFile e9e3c40d-react-addons-update-0-14-0 react-addons-update@0.14.0
89 silly lockFile 1b0d1ec2-react-addons-update react-addons-update@
90 silly lockFile 1b0d1ec2-react-addons-update react-addons-update@
91 silly resolved [ { name: 'react-addons-update',
91 silly resolved     version: '0.14.0',
91 silly resolved     main: 'index.js',
91 silly resolved     license: 'BSD-3-Clause',
91 silly resolved     peerDependencies: { react: '^0.14.0' },
91 silly resolved     readme: '# react-addons-update\n\nThis package provides the React updates add-on. See http://facebook.github.io/react/docs/addons.html for more information.\n',
91 silly resolved     readmeFilename: 'README.md',
91 silly resolved     description: 'This package provides the React updates add-on. See http://facebook.github.io/react/docs/addons.html for more information.',
91 silly resolved     _id: 'react-addons-update@0.14.0',
91 silly resolved     dist: { shasum: '520be73b1628e02b9c23df045bccd53512aa1889' },
91 silly resolved     _from: 'react-addons-update@',
91 silly resolved     _resolved: 'https://registry.npmjs.org/react-addons-update/-/react-addons-update-0.14.0.tgz' } ]
92 info install react-addons-update@0.14.0 into /Users/jasperclarkberg/Sites/dashboard/prefs
93 info installOne react-addons-update@0.14.0
94 info /Users/jasperclarkberg/Sites/dashboard/prefs/node_modules/react-addons-update unbuild
95 verbose tar unpack /Users/jasperclarkberg/.npm/react-addons-update/0.14.0/package.tgz
96 silly lockFile 1f1df951-node-modules-react-addons-update tar:///Users/jasperclarkberg/Sites/dashboard/prefs/node_modules/react-addons-update
97 verbose lock tar:///Users/jasperclarkberg/Sites/dashboard/prefs/node_modules/react-addons-update /Users/jasperclarkberg/.npm/1f1df951-node-modules-react-addons-update.lock
98 silly lockFile 3edf62de-addons-update-0-14-0-package-tgz tar:///Users/jasperclarkberg/.npm/react-addons-update/0.14.0/package.tgz
99 verbose lock tar:///Users/jasperclarkberg/.npm/react-addons-update/0.14.0/package.tgz /Users/jasperclarkberg/.npm/3edf62de-addons-update-0-14-0-package-tgz.lock
100 silly gunzTarPerm modes [ '755', '644' ]
101 silly gunzTarPerm extractEntry package.json
102 silly gunzTarPerm extractEntry README.md
103 silly gunzTarPerm extractEntry LICENSE
104 silly gunzTarPerm extractEntry index.js
105 silly gunzTarPerm extractEntry PATENTS
106 silly lockFile 1f1df951-node-modules-react-addons-update tar:///Users/jasperclarkberg/Sites/dashboard/prefs/node_modules/react-addons-update
107 silly lockFile 1f1df951-node-modules-react-addons-update tar:///Users/jasperclarkberg/Sites/dashboard/prefs/node_modules/react-addons-update
108 silly lockFile 3edf62de-addons-update-0-14-0-package-tgz tar:///Users/jasperclarkberg/.npm/react-addons-update/0.14.0/package.tgz
109 silly lockFile 3edf62de-addons-update-0-14-0-package-tgz tar:///Users/jasperclarkberg/.npm/react-addons-update/0.14.0/package.tgz
110 info preinstall react-addons-update@0.14.0
111 verbose readDependencies using package.json deps
112 verbose readDependencies using package.json deps
113 silly resolved []
114 verbose about to build /Users/jasperclarkberg/Sites/dashboard/prefs/node_modules/react-addons-update
115 info build /Users/jasperclarkberg/Sites/dashboard/prefs/node_modules/react-addons-update
116 verbose linkStuff [ false,
116 verbose linkStuff   false,
116 verbose linkStuff   false,
116 verbose linkStuff   '/Users/jasperclarkberg/Sites/dashboard/prefs/node_modules' ]
117 info linkStuff react-addons-update@0.14.0
118 verbose linkBins react-addons-update@0.14.0
119 verbose linkMans react-addons-update@0.14.0
120 verbose rebuildBundles react-addons-update@0.14.0
121 info install react-addons-update@0.14.0
122 info postinstall react-addons-update@0.14.0
123 verbose readDependencies using package.json deps
124 verbose already installed skipping react@^0.14.0 /Users/jasperclarkberg/Sites/dashboard/prefs
125 silly resolved []
126 error peerinvalid The package react does not satisfy its siblings' peerDependencies requirements!
126 error peerinvalid Peer react-addons-linked-state-mixin@0.14.0 wants react@^0.14.0
126 error peerinvalid Peer react-addons-update@0.14.0 wants react@^0.14.0
126 error peerinvalid Peer react-bootstrap@0.25.2 wants react@>=0.13
127 error System Darwin 14.5.0
128 error command "node" "/usr/local/bin/npm" "install" "react-addons-update"
129 error cwd /Users/jasperclarkberg/Sites/dashboard/prefs
130 error node -v v0.10.20
131 error npm -v 1.3.11
132 error code EPEERINVALID
133 verbose exit [ 1, true ]
